Traceback (most recent call last):
  File "/Users/Alvin/opt/anaconda3/lib/python3.7/site-packages/jupyter_cache/executors/utils.py", line 56, in single_nb_execution
    record_timing=False,
  File "/Users/Alvin/opt/anaconda3/lib/python3.7/site-packages/nbclient/client.py", line 1082, in execute
    return NotebookClient(nb=nb, resources=resources, km=km, **kwargs).execute()
  File "/Users/Alvin/opt/anaconda3/lib/python3.7/site-packages/nbclient/util.py", line 74, in wrapped
    return just_run(coro(*args, **kwargs))
  File "/Users/Alvin/opt/anaconda3/lib/python3.7/site-packages/nbclient/util.py", line 53, in just_run
    return loop.run_until_complete(coro)
  File "/Users/Alvin/opt/anaconda3/lib/python3.7/asyncio/base_events.py", line 583, in run_until_complete
    return future.result()
  File "/Users/Alvin/opt/anaconda3/lib/python3.7/site-packages/nbclient/client.py", line 536, in async_execute
    cell, index, execution_count=self.code_cells_executed + 1
  File "/Users/Alvin/opt/anaconda3/lib/python3.7/site-packages/nbclient/client.py", line 827, in async_execute_cell
    self._check_raise_for_error(cell, exec_reply)
  File "/Users/Alvin/opt/anaconda3/lib/python3.7/site-packages/nbclient/client.py", line 735, in _check_raise_for_error
    raise CellExecutionError.from_cell_and_msg(cell, exec_reply['content'])
nbclient.exceptions.CellExecutionError: An error occurred while executing the following cell:
------------------
import nltk
from nltk.corpus.reader import CHILDESCorpusReader
r = CHILDESCorpusReader('../../../Corpus/CHILDES/Chinese/Chang1_xml/', '.*.xml')
------------------

[0;31m---------------------------------------------------------------------------[0m
[0;31mOSError[0m                                   Traceback (most recent call last)
[0;32m<ipython-input-1-6291e5786bb9>[0m in [0;36m<module>[0;34m[0m
[1;32m      1[0m [0;32mimport[0m [0mnltk[0m[0;34m[0m[0;34m[0m[0m
[1;32m      2[0m [0;32mfrom[0m [0mnltk[0m[0;34m.[0m[0mcorpus[0m[0;34m.[0m[0mreader[0m [0;32mimport[0m [0mCHILDESCorpusReader[0m[0;34m[0m[0;34m[0m[0m
[0;32m----> 3[0;31m [0mr[0m [0;34m=[0m [0mCHILDESCorpusReader[0m[0;34m([0m[0;34m'../../../Corpus/CHILDES/Chinese/Chang1_xml/'[0m[0;34m,[0m [0;34m'.*.xml'[0m[0;34m)[0m[0;34m[0m[0;34m[0m[0m
[0m
[0;32m~/opt/anaconda3/envs/ckiptagger/lib/python3.6/site-packages/nltk/corpus/reader/childes.py[0m in [0;36m__init__[0;34m(self, root, fileids, lazy)[0m
[1;32m     38[0m [0;34m[0m[0m
[1;32m     39[0m     [0;32mdef[0m [0m__init__[0m[0;34m([0m[0mself[0m[0;34m,[0m [0mroot[0m[0;34m,[0m [0mfileids[0m[0;34m,[0m [0mlazy[0m[0;34m=[0m[0;32mTrue[0m[0;34m)[0m[0;34m:[0m[0;34m[0m[0;34m[0m[0m
[0;32m---> 40[0;31m         [0mXMLCorpusReader[0m[0;34m.[0m[0m__init__[0m[0;34m([0m[0mself[0m[0;34m,[0m [0mroot[0m[0;34m,[0m [0mfileids[0m[0;34m)[0m[0;34m[0m[0;34m[0m[0m
[0m[1;32m     41[0m         [0mself[0m[0;34m.[0m[0m_lazy[0m [0;34m=[0m [0mlazy[0m[0;34m[0m[0;34m[0m[0m
[1;32m     42[0m [0;34m[0m[0m

[0;32m~/opt/anaconda3/envs/ckiptagger/lib/python3.6/site-packages/nltk/corpus/reader/xmldocs.py[0m in [0;36m__init__[0;34m(self, root, fileids, wrap_etree)[0m
[1;32m     34[0m     [0;32mdef[0m [0m__init__[0m[0;34m([0m[0mself[0m[0;34m,[0m [0mroot[0m[0;34m,[0m [0mfileids[0m[0;34m,[0m [0mwrap_etree[0m[0;34m=[0m[0;32mFalse[0m[0;34m)[0m[0;34m:[0m[0;34m[0m[0;34m[0m[0m
[1;32m     35[0m         [0mself[0m[0;34m.[0m[0m_wrap_etree[0m [0;34m=[0m [0mwrap_etree[0m[0;34m[0m[0;34m[0m[0m
[0;32m---> 36[0;31m         [0mCorpusReader[0m[0;34m.[0m[0m__init__[0m[0;34m([0m[0mself[0m[0;34m,[0m [0mroot[0m[0;34m,[0m [0mfileids[0m[0;34m)[0m[0;34m[0m[0;34m[0m[0m
[0m[1;32m     37[0m [0;34m[0m[0m
[1;32m     38[0m     [0;32mdef[0m [0mxml[0m[0;34m([0m[0mself[0m[0;34m,[0m [0mfileid[0m[0;34m=[0m[0;32mNone[0m[0;34m)[0m[0;34m:[0m[0;34m[0m[0;34m[0m[0m

[0;32m~/opt/anaconda3/envs/ckiptagger/lib/python3.6/site-packages/nltk/corpus/reader/api.py[0m in [0;36m__init__[0;34m(self, root, fileids, encoding, tagset)[0m
[1;32m     78[0m                 [0mroot[0m [0;34m=[0m [0mZipFilePathPointer[0m[0;34m([0m[0mzipfile[0m[0;34m,[0m [0mzipentry[0m[0;34m)[0m[0;34m[0m[0;34m[0m[0m
[1;32m     79[0m             [0;32melse[0m[0;34m:[0m[0;34m[0m[0;34m[0m[0m
[0;32m---> 80[0;31m                 [0mroot[0m [0;34m=[0m [0mFileSystemPathPointer[0m[0;34m([0m[0mroot[0m[0;34m)[0m[0;34m[0m[0;34m[0m[0m
[0m[1;32m     81[0m         [0;32melif[0m [0;32mnot[0m [0misinstance[0m[0;34m([0m[0mroot[0m[0;34m,[0m [0mPathPointer[0m[0;34m)[0m[0;34m:[0m[0;34m[0m[0;34m[0m[0m
[1;32m     82[0m             [0;32mraise[0m [0mTypeError[0m[0;34m([0m[0;34m"CorpusReader: expected a string or a PathPointer"[0m[0;34m)[0m[0;34m[0m[0;34m[0m[0m

[0;32m~/opt/anaconda3/envs/ckiptagger/lib/python3.6/site-packages/nltk/compat.py[0m in [0;36m_decorator[0;34m(*args, **kwargs)[0m
[1;32m     39[0m     [0;32mdef[0m [0m_decorator[0m[0;34m([0m[0;34m*[0m[0margs[0m[0;34m,[0m [0;34m**[0m[0mkwargs[0m[0;34m)[0m[0;34m:[0m[0;34m[0m[0;34m[0m[0m
[1;32m     40[0m         [0margs[0m [0;34m=[0m [0;34m([0m[0margs[0m[0;34m[[0m[0;36m0[0m[0;34m][0m[0;34m,[0m [0madd_py3_data[0m[0;34m([0m[0margs[0m[0;34m[[0m[0;36m1[0m[0;34m][0m[0;34m)[0m[0;34m)[0m [0;34m+[0m [0margs[0m[0;34m[[0m[0;36m2[0m[0;34m:[0m[0;34m][0m[0;34m[0m[0;34m[0m[0m
[0;32m---> 41[0;31m         [0;32mreturn[0m [0minit_func[0m[0;34m([0m[0;34m*[0m[0margs[0m[0;34m,[0m [0;34m**[0m[0mkwargs[0m[0;34m)[0m[0;34m[0m[0;34m[0m[0m
[0m[1;32m     42[0m [0;34m[0m[0m
[1;32m     43[0m     [0;32mreturn[0m [0mwraps[0m[0;34m([0m[0minit_func[0m[0;34m)[0m[0;34m([0m[0m_decorator[0m[0;34m)[0m[0;34m[0m[0;34m[0m[0m

[0;32m~/opt/anaconda3/envs/ckiptagger/lib/python3.6/site-packages/nltk/data.py[0m in [0;36m__init__[0;34m(self, _path)[0m
[1;32m    313[0m         [0m_path[0m [0;34m=[0m [0mos[0m[0;34m.[0m[0mpath[0m[0;34m.[0m[0mabspath[0m[0;34m([0m[0m_path[0m[0;34m)[0m[0;34m[0m[0;34m[0m[0m
[1;32m    314[0m         [0;32mif[0m [0;32mnot[0m [0mos[0m[0;34m.[0m[0mpath[0m[0;34m.[0m[0mexists[0m[0;34m([0m[0m_path[0m[0;34m)[0m[0;34m:[0m[0;34m[0m[0;34m[0m[0m
[0;32m--> 315[0;31m             [0;32mraise[0m [0mIOError[0m[0;34m([0m[0;34m"No such file or directory: %r"[0m [0;34m%[0m [0m_path[0m[0;34m)[0m[0;34m[0m[0;34m[0m[0m
[0m[1;32m    316[0m         [0mself[0m[0;34m.[0m[0m_path[0m [0;34m=[0m [0m_path[0m[0;34m[0m[0;34m[0m[0m
[1;32m    317[0m [0;34m[0m[0m

[0;31mOSError[0m: No such file or directory: '/Users/Alvin/Corpus/CHILDES/Chinese/Chang1_xml'
OSError: No such file or directory: '/Users/Alvin/Corpus/CHILDES/Chinese/Chang1_xml'

