Traceback (most recent call last):
  File "/Users/Alvin/opt/anaconda3/lib/python3.7/site-packages/jupyter_cache/executors/utils.py", line 56, in single_nb_execution
    record_timing=False,
  File "/Users/Alvin/opt/anaconda3/lib/python3.7/site-packages/nbclient/client.py", line 1082, in execute
    return NotebookClient(nb=nb, resources=resources, km=km, **kwargs).execute()
  File "/Users/Alvin/opt/anaconda3/lib/python3.7/site-packages/nbclient/util.py", line 74, in wrapped
    return just_run(coro(*args, **kwargs))
  File "/Users/Alvin/opt/anaconda3/lib/python3.7/site-packages/nbclient/util.py", line 53, in just_run
    return loop.run_until_complete(coro)
  File "/Users/Alvin/opt/anaconda3/lib/python3.7/asyncio/base_events.py", line 583, in run_until_complete
    return future.result()
  File "/Users/Alvin/opt/anaconda3/lib/python3.7/site-packages/nbclient/client.py", line 536, in async_execute
    cell, index, execution_count=self.code_cells_executed + 1
  File "/Users/Alvin/opt/anaconda3/lib/python3.7/site-packages/nbclient/client.py", line 827, in async_execute_cell
    self._check_raise_for_error(cell, exec_reply)
  File "/Users/Alvin/opt/anaconda3/lib/python3.7/site-packages/nbclient/client.py", line 735, in _check_raise_for_error
    raise CellExecutionError.from_cell_and_msg(cell, exec_reply['content'])
nbclient.exceptions.CellExecutionError: An error occurred while executing the following cell:
------------------
# Set Parameter Path
MODEL_PATH = '../../../NTNU/CorpusLinguistics/CorpusLinguistics_bookdown/data/'
#'/Users/Alvin/Dropbox/NTNU/CorpusLinguistics/CorpusLinguistics_bookdown/data/'
## Loading model
#ws = WS('/Users/Alvin/Dropbox/NTNU/CorpusLinguistics/CorpusLinguistics_bookdown/data/')
ws = WS(MODEL_PATH)
#ws = WS('../../../NTNU/CorpusLinguistics/CorpusLinguistics_bookdown/data/')
pos = POS(MODEL_PATH)
ner = NER(MODEL_PATH)
------------------

[0;31m---------------------------------------------------------------------------[0m
[0;31mFileNotFoundError[0m                         Traceback (most recent call last)
[0;32m<ipython-input-2-fc73dd0dc883>[0m in [0;36m<module>[0;34m[0m
[1;32m      4[0m [0;31m## Loading model[0m[0;34m[0m[0;34m[0m[0;34m[0m[0m
[1;32m      5[0m [0;31m#ws = WS('/Users/Alvin/Dropbox/NTNU/CorpusLinguistics/CorpusLinguistics_bookdown/data/')[0m[0;34m[0m[0;34m[0m[0;34m[0m[0m
[0;32m----> 6[0;31m [0mws[0m [0;34m=[0m [0mWS[0m[0;34m([0m[0mMODEL_PATH[0m[0;34m)[0m[0;34m[0m[0;34m[0m[0m
[0m[1;32m      7[0m [0;31m#ws = WS('../../../NTNU/CorpusLinguistics/CorpusLinguistics_bookdown/data/')[0m[0;34m[0m[0;34m[0m[0;34m[0m[0m
[1;32m      8[0m [0mpos[0m [0;34m=[0m [0mPOS[0m[0;34m([0m[0mMODEL_PATH[0m[0;34m)[0m[0;34m[0m[0;34m[0m[0m

[0;32m~/opt/anaconda3/envs/ckiptagger/lib/python3.6/site-packages/ckiptagger/api.py[0m in [0;36m__init__[0;34m(self, data_dir, disable_cuda)[0m
[1;32m     40[0m         [0mconfig[0m[0;34m.[0m[0mlayers[0m [0;34m=[0m [0;36m2[0m[0;34m[0m[0;34m[0m[0m
[1;32m     41[0m         [0mconfig[0m[0;34m.[0m[0mhidden_d[0m [0;34m=[0m [0;36m500[0m[0;34m[0m[0;34m[0m[0m
[0;32m---> 42[0;31m         [0mconfig[0m[0;34m.[0m[0mw_token_to_vector[0m[0;34m,[0m [0mconfig[0m[0;34m.[0m[0mw_embedding_d[0m [0;34m=[0m [0m_load_embedding[0m[0;34m([0m[0mos[0m[0;34m.[0m[0mpath[0m[0;34m.[0m[0mjoin[0m[0;34m([0m[0mdata_dir[0m[0;34m,[0m [0;34m"embedding_character"[0m[0;34m)[0m[0;34m)[0m[0;34m[0m[0;34m[0m[0m
[0m[1;32m     43[0m [0;34m[0m[0m
[1;32m     44[0m         [0;32mif[0m [0mdisable_cuda[0m[0;34m:[0m[0;34m[0m[0;34m[0m[0m

[0;32m~/opt/anaconda3/envs/ckiptagger/lib/python3.6/site-packages/ckiptagger/api.py[0m in [0;36m_load_embedding[0;34m(embedding_dir)[0m
[1;32m    352[0m [0;32mdef[0m [0m_load_embedding[0m[0;34m([0m[0membedding_dir[0m[0;34m)[0m[0;34m:[0m[0;34m[0m[0;34m[0m[0m
[1;32m    353[0m     [0mtoken_file[0m [0;34m=[0m [0mos[0m[0;34m.[0m[0mpath[0m[0;34m.[0m[0mjoin[0m[0;34m([0m[0membedding_dir[0m[0;34m,[0m [0;34m"token_list.npy"[0m[0;34m)[0m[0;34m[0m[0;34m[0m[0m
[0;32m--> 354[0;31m     [0mtoken_list[0m [0;34m=[0m [0mnp[0m[0;34m.[0m[0mload[0m[0;34m([0m[0mtoken_file[0m[0;34m)[0m[0;34m[0m[0;34m[0m[0m
[0m[1;32m    355[0m [0;34m[0m[0m
[1;32m    356[0m     [0mvector_file[0m [0;34m=[0m [0mos[0m[0;34m.[0m[0mpath[0m[0;34m.[0m[0mjoin[0m[0;34m([0m[0membedding_dir[0m[0;34m,[0m [0;34m"vector_list.npy"[0m[0;34m)[0m[0;34m[0m[0;34m[0m[0m

[0;32m~/opt/anaconda3/envs/ckiptagger/lib/python3.6/site-packages/numpy/lib/npyio.py[0m in [0;36mload[0;34m(file, mmap_mode, allow_pickle, fix_imports, encoding)[0m
[1;32m    414[0m             [0mown_fid[0m [0;34m=[0m [0;32mFalse[0m[0;34m[0m[0;34m[0m[0m
[1;32m    415[0m         [0;32melse[0m[0;34m:[0m[0;34m[0m[0;34m[0m[0m
[0;32m--> 416[0;31m             [0mfid[0m [0;34m=[0m [0mstack[0m[0;34m.[0m[0menter_context[0m[0;34m([0m[0mopen[0m[0;34m([0m[0mos_fspath[0m[0;34m([0m[0mfile[0m[0;34m)[0m[0;34m,[0m [0;34m"rb"[0m[0;34m)[0m[0;34m)[0m[0;34m[0m[0;34m[0m[0m
[0m[1;32m    417[0m             [0mown_fid[0m [0;34m=[0m [0;32mTrue[0m[0;34m[0m[0;34m[0m[0m
[1;32m    418[0m [0;34m[0m[0m

[0;31mFileNotFoundError[0m: [Errno 2] No such file or directory: '../../../NTNU/CorpusLinguistics/CorpusLinguistics_bookdown/data/embedding_character/token_list.npy'
FileNotFoundError: [Errno 2] No such file or directory: '../../../NTNU/CorpusLinguistics/CorpusLinguistics_bookdown/data/embedding_character/token_list.npy'

