Traceback (most recent call last):
  File "/Users/Alvin/opt/anaconda3/lib/python3.7/site-packages/jupyter_cache/executors/utils.py", line 56, in single_nb_execution
    record_timing=False,
  File "/Users/Alvin/opt/anaconda3/lib/python3.7/site-packages/nbclient/client.py", line 1082, in execute
    return NotebookClient(nb=nb, resources=resources, km=km, **kwargs).execute()
  File "/Users/Alvin/opt/anaconda3/lib/python3.7/site-packages/nbclient/util.py", line 74, in wrapped
    return just_run(coro(*args, **kwargs))
  File "/Users/Alvin/opt/anaconda3/lib/python3.7/site-packages/nbclient/util.py", line 53, in just_run
    return loop.run_until_complete(coro)
  File "/Users/Alvin/opt/anaconda3/lib/python3.7/asyncio/base_events.py", line 583, in run_until_complete
    return future.result()
  File "/Users/Alvin/opt/anaconda3/lib/python3.7/site-packages/nbclient/client.py", line 536, in async_execute
    cell, index, execution_count=self.code_cells_executed + 1
  File "/Users/Alvin/opt/anaconda3/lib/python3.7/site-packages/nbclient/client.py", line 827, in async_execute_cell
    self._check_raise_for_error(cell, exec_reply)
  File "/Users/Alvin/opt/anaconda3/lib/python3.7/site-packages/nbclient/client.py", line 735, in _check_raise_for_error
    raise CellExecutionError.from_cell_and_msg(cell, exec_reply['content'])
nbclient.exceptions.CellExecutionError: An error occurred while executing the following cell:
------------------
%run hello-world.ipynb
------------------

[0;31m---------------------------------------------------------------------------[0m
[0;31mModuleNotFoundError[0m                       Traceback (most recent call last)
[0;32m<ipython-input-1-734c3212e239>[0m in [0;36m<module>[0;34m[0m
[0;32m----> 1[0;31m [0mget_ipython[0m[0;34m([0m[0;34m)[0m[0;34m.[0m[0mrun_line_magic[0m[0;34m([0m[0;34m'run'[0m[0;34m,[0m [0;34m'hello-world.ipynb'[0m[0;34m)[0m[0;34m[0m[0;34m[0m[0m
[0m
[0;32m~/.local/lib/python3.6/site-packages/IPython/core/interactiveshell.py[0m in [0;36mrun_line_magic[0;34m(self, magic_name, line, _stack_depth)[0m
[1;32m   2324[0m                 [0mkwargs[0m[0;34m[[0m[0;34m'local_ns'[0m[0;34m][0m [0;34m=[0m [0msys[0m[0;34m.[0m[0m_getframe[0m[0;34m([0m[0mstack_depth[0m[0;34m)[0m[0;34m.[0m[0mf_locals[0m[0;34m[0m[0;34m[0m[0m
[1;32m   2325[0m             [0;32mwith[0m [0mself[0m[0;34m.[0m[0mbuiltin_trap[0m[0;34m:[0m[0;34m[0m[0;34m[0m[0m
[0;32m-> 2326[0;31m                 [0mresult[0m [0;34m=[0m [0mfn[0m[0;34m([0m[0;34m*[0m[0margs[0m[0;34m,[0m [0;34m**[0m[0mkwargs[0m[0;34m)[0m[0;34m[0m[0;34m[0m[0m
[0m[1;32m   2327[0m             [0;32mreturn[0m [0mresult[0m[0;34m[0m[0;34m[0m[0m
[1;32m   2328[0m [0;34m[0m[0m

[0;32m<decorator-gen-59>[0m in [0;36mrun[0;34m(self, parameter_s, runner, file_finder)[0m

[0;32m~/.local/lib/python3.6/site-packages/IPython/core/magic.py[0m in [0;36m<lambda>[0;34m(f, *a, **k)[0m
[1;32m    185[0m     [0;31m# but it's overkill for just that one bit of state.[0m[0;34m[0m[0;34m[0m[0;34m[0m[0m
[1;32m    186[0m     [0;32mdef[0m [0mmagic_deco[0m[0;34m([0m[0marg[0m[0;34m)[0m[0;34m:[0m[0;34m[0m[0;34m[0m[0m
[0;32m--> 187[0;31m         [0mcall[0m [0;34m=[0m [0;32mlambda[0m [0mf[0m[0;34m,[0m [0;34m*[0m[0ma[0m[0;34m,[0m [0;34m**[0m[0mk[0m[0;34m:[0m [0mf[0m[0;34m([0m[0;34m*[0m[0ma[0m[0;34m,[0m [0;34m**[0m[0mk[0m[0;34m)[0m[0;34m[0m[0;34m[0m[0m
[0m[1;32m    188[0m [0;34m[0m[0m
[1;32m    189[0m         [0;32mif[0m [0mcallable[0m[0;34m([0m[0marg[0m[0;34m)[0m[0;34m:[0m[0;34m[0m[0;34m[0m[0m

[0;32m~/.local/lib/python3.6/site-packages/IPython/core/magics/execution.py[0m in [0;36mrun[0;34m(self, parameter_s, runner, file_finder)[0m
[1;32m    716[0m             [0;32mwith[0m [0mpreserve_keys[0m[0;34m([0m[0mself[0m[0;34m.[0m[0mshell[0m[0;34m.[0m[0muser_ns[0m[0;34m,[0m [0;34m'__file__'[0m[0;34m)[0m[0;34m:[0m[0;34m[0m[0;34m[0m[0m
[1;32m    717[0m                 [0mself[0m[0;34m.[0m[0mshell[0m[0;34m.[0m[0muser_ns[0m[0;34m[[0m[0;34m'__file__'[0m[0;34m][0m [0;34m=[0m [0mfilename[0m[0;34m[0m[0;34m[0m[0m
[0;32m--> 718[0;31m                 [0mself[0m[0;34m.[0m[0mshell[0m[0;34m.[0m[0msafe_execfile_ipy[0m[0;34m([0m[0mfilename[0m[0;34m,[0m [0mraise_exceptions[0m[0;34m=[0m[0;32mTrue[0m[0;34m)[0m[0;34m[0m[0;34m[0m[0m
[0m[1;32m    719[0m             [0;32mreturn[0m[0;34m[0m[0;34m[0m[0m
[1;32m    720[0m [0;34m[0m[0m

[0;32m~/.local/lib/python3.6/site-packages/IPython/core/interactiveshell.py[0m in [0;36msafe_execfile_ipy[0;34m(self, fname, shell_futures, raise_exceptions)[0m
[1;32m   2798[0m         [0;32mwith[0m [0mprepended_to_syspath[0m[0;34m([0m[0mdname[0m[0;34m)[0m[0;34m:[0m[0;34m[0m[0;34m[0m[0m
[1;32m   2799[0m             [0;32mtry[0m[0;34m:[0m[0;34m[0m[0;34m[0m[0m
[0;32m-> 2800[0;31m                 [0;32mfor[0m [0mcell[0m [0;32min[0m [0mget_cells[0m[0;34m([0m[0;34m)[0m[0;34m:[0m[0;34m[0m[0;34m[0m[0m
[0m[1;32m   2801[0m                     [0mresult[0m [0;34m=[0m [0mself[0m[0;34m.[0m[0mrun_cell[0m[0;34m([0m[0mcell[0m[0;34m,[0m [0msilent[0m[0;34m=[0m[0;32mTrue[0m[0;34m,[0m [0mshell_futures[0m[0;34m=[0m[0mshell_futures[0m[0;34m)[0m[0;34m[0m[0;34m[0m[0m
[1;32m   2802[0m                     [0;32mif[0m [0mraise_exceptions[0m[0;34m:[0m[0;34m[0m[0;34m[0m[0m

[0;32m~/.local/lib/python3.6/site-packages/IPython/core/interactiveshell.py[0m in [0;36mget_cells[0;34m()[0m
[1;32m   2785[0m             [0;34m"""generator for sequence of code blocks to run"""[0m[0;34m[0m[0;34m[0m[0m
[1;32m   2786[0m             [0;32mif[0m [0mfname[0m[0;34m.[0m[0mendswith[0m[0;34m([0m[0;34m'.ipynb'[0m[0;34m)[0m[0;34m:[0m[0;34m[0m[0;34m[0m[0m
[0;32m-> 2787[0;31m                 [0;32mfrom[0m [0mnbformat[0m [0;32mimport[0m [0mread[0m[0;34m[0m[0;34m[0m[0m
[0m[1;32m   2788[0m                 [0mnb[0m [0;34m=[0m [0mread[0m[0;34m([0m[0mfname[0m[0;34m,[0m [0mas_version[0m[0;34m=[0m[0;36m4[0m[0;34m)[0m[0;34m[0m[0;34m[0m[0m
[1;32m   2789[0m                 [0;32mif[0m [0;32mnot[0m [0mnb[0m[0;34m.[0m[0mcells[0m[0;34m:[0m[0;34m[0m[0;34m[0m[0m

[0;31mModuleNotFoundError[0m: No module named 'nbformat'
ModuleNotFoundError: No module named 'nbformat'

