Traceback (most recent call last):
  File "/Users/Alvin/opt/anaconda3/envs/python-notes/lib/python3.7/site-packages/jupyter_cache/executors/utils.py", line 56, in single_nb_execution
    record_timing=False,
  File "/Users/Alvin/opt/anaconda3/envs/python-notes/lib/python3.7/site-packages/nbclient/client.py", line 1082, in execute
    return NotebookClient(nb=nb, resources=resources, km=km, **kwargs).execute()
  File "/Users/Alvin/opt/anaconda3/envs/python-notes/lib/python3.7/site-packages/nbclient/util.py", line 74, in wrapped
    return just_run(coro(*args, **kwargs))
  File "/Users/Alvin/opt/anaconda3/envs/python-notes/lib/python3.7/site-packages/nbclient/util.py", line 53, in just_run
    return loop.run_until_complete(coro)
  File "/Users/Alvin/opt/anaconda3/envs/python-notes/lib/python3.7/asyncio/base_events.py", line 568, in run_until_complete
    return future.result()
  File "/Users/Alvin/opt/anaconda3/envs/python-notes/lib/python3.7/site-packages/nbclient/client.py", line 536, in async_execute
    cell, index, execution_count=self.code_cells_executed + 1
  File "/Users/Alvin/opt/anaconda3/envs/python-notes/lib/python3.7/site-packages/nbclient/client.py", line 827, in async_execute_cell
    self._check_raise_for_error(cell, exec_reply)
  File "/Users/Alvin/opt/anaconda3/envs/python-notes/lib/python3.7/site-packages/nbclient/client.py", line 735, in _check_raise_for_error
    raise CellExecutionError.from_cell_and_msg(cell, exec_reply['content'])
nbclient.exceptions.CellExecutionError: An error occurred while executing the following cell:
------------------
## Data Import and Preprocessing
import pandas as pd
import numpy as np
#import text_normalizer as tn
#import model_evaluation_utils as meu
import nltk

np.set_printoptions(precision=2, linewidth=80)

dataset = pd.read_csv('../data/movie_reviews.csv')
# take a peek at the data
print(dataset.head())
reviews = np.array(dataset['review'])
sentiments = np.array(dataset['sentiment'])
type(reviews)
reviews.shape
sentiments.shape
# build train and test datasets
train_reviews = reviews[:35000]
train_sentiments = sentiments[:35000]
test_reviews = reviews[35000:]
test_sentiments = sentiments[35000:]

## Processing is ignored

norm_train_reviews = train_reviews
norm_test_reviews = test_reviews
------------------

[0;31m---------------------------------------------------------------------------[0m
[0;31mFileNotFoundError[0m                         Traceback (most recent call last)
[0;32m<ipython-input-2-95e490aaec8a>[0m in [0;36m<module>[0;34m[0m
[1;32m      8[0m [0mnp[0m[0;34m.[0m[0mset_printoptions[0m[0;34m([0m[0mprecision[0m[0;34m=[0m[0;36m2[0m[0;34m,[0m [0mlinewidth[0m[0;34m=[0m[0;36m80[0m[0;34m)[0m[0;34m[0m[0;34m[0m[0m
[1;32m      9[0m [0;34m[0m[0m
[0;32m---> 10[0;31m [0mdataset[0m [0;34m=[0m [0mpd[0m[0;34m.[0m[0mread_csv[0m[0;34m([0m[0;34m'../data/movie_reviews.csv'[0m[0;34m)[0m[0;34m[0m[0;34m[0m[0m
[0m[1;32m     11[0m [0;31m# take a peek at the data[0m[0;34m[0m[0;34m[0m[0;34m[0m[0m
[1;32m     12[0m [0mprint[0m[0;34m([0m[0mdataset[0m[0;34m.[0m[0mhead[0m[0;34m([0m[0;34m)[0m[0;34m)[0m[0;34m[0m[0;34m[0m[0m

[0;32m~/opt/anaconda3/lib/python3.7/site-packages/pandas/io/parsers.py[0m in [0;36mread_csv[0;34m(filepath_or_buffer, sep, delimiter, header, names, index_col, usecols, squeeze, prefix, mangle_dupe_cols, dtype, engine, converters, true_values, false_values, skipinitialspace, skiprows, skipfooter, nrows, na_values, keep_default_na, na_filter, verbose, skip_blank_lines, parse_dates, infer_datetime_format, keep_date_col, date_parser, dayfirst, cache_dates, iterator, chunksize, compression, thousands, decimal, lineterminator, quotechar, quoting, doublequote, escapechar, comment, encoding, dialect, error_bad_lines, warn_bad_lines, delim_whitespace, low_memory, memory_map, float_precision)[0m
[1;32m    684[0m     )
[1;32m    685[0m [0;34m[0m[0m
[0;32m--> 686[0;31m     [0;32mreturn[0m [0m_read[0m[0;34m([0m[0mfilepath_or_buffer[0m[0;34m,[0m [0mkwds[0m[0;34m)[0m[0;34m[0m[0;34m[0m[0m
[0m[1;32m    687[0m [0;34m[0m[0m
[1;32m    688[0m [0;34m[0m[0m

[0;32m~/opt/anaconda3/lib/python3.7/site-packages/pandas/io/parsers.py[0m in [0;36m_read[0;34m(filepath_or_buffer, kwds)[0m
[1;32m    450[0m [0;34m[0m[0m
[1;32m    451[0m     [0;31m# Create the parser.[0m[0;34m[0m[0;34m[0m[0;34m[0m[0m
[0;32m--> 452[0;31m     [0mparser[0m [0;34m=[0m [0mTextFileReader[0m[0;34m([0m[0mfp_or_buf[0m[0;34m,[0m [0;34m**[0m[0mkwds[0m[0;34m)[0m[0;34m[0m[0;34m[0m[0m
[0m[1;32m    453[0m [0;34m[0m[0m
[1;32m    454[0m     [0;32mif[0m [0mchunksize[0m [0;32mor[0m [0miterator[0m[0;34m:[0m[0;34m[0m[0;34m[0m[0m

[0;32m~/opt/anaconda3/lib/python3.7/site-packages/pandas/io/parsers.py[0m in [0;36m__init__[0;34m(self, f, engine, **kwds)[0m
[1;32m    934[0m             [0mself[0m[0;34m.[0m[0moptions[0m[0;34m[[0m[0;34m"has_index_names"[0m[0;34m][0m [0;34m=[0m [0mkwds[0m[0;34m[[0m[0;34m"has_index_names"[0m[0;34m][0m[0;34m[0m[0;34m[0m[0m
[1;32m    935[0m [0;34m[0m[0m
[0;32m--> 936[0;31m         [0mself[0m[0;34m.[0m[0m_make_engine[0m[0;34m([0m[0mself[0m[0;34m.[0m[0mengine[0m[0;34m)[0m[0;34m[0m[0;34m[0m[0m
[0m[1;32m    937[0m [0;34m[0m[0m
[1;32m    938[0m     [0;32mdef[0m [0mclose[0m[0;34m([0m[0mself[0m[0;34m)[0m[0;34m:[0m[0;34m[0m[0;34m[0m[0m

[0;32m~/opt/anaconda3/lib/python3.7/site-packages/pandas/io/parsers.py[0m in [0;36m_make_engine[0;34m(self, engine)[0m
[1;32m   1166[0m     [0;32mdef[0m [0m_make_engine[0m[0;34m([0m[0mself[0m[0;34m,[0m [0mengine[0m[0;34m=[0m[0;34m"c"[0m[0;34m)[0m[0;34m:[0m[0;34m[0m[0;34m[0m[0m
[1;32m   1167[0m         [0;32mif[0m [0mengine[0m [0;34m==[0m [0;34m"c"[0m[0;34m:[0m[0;34m[0m[0;34m[0m[0m
[0;32m-> 1168[0;31m             [0mself[0m[0;34m.[0m[0m_engine[0m [0;34m=[0m [0mCParserWrapper[0m[0;34m([0m[0mself[0m[0;34m.[0m[0mf[0m[0;34m,[0m [0;34m**[0m[0mself[0m[0;34m.[0m[0moptions[0m[0;34m)[0m[0;34m[0m[0;34m[0m[0m
[0m[1;32m   1169[0m         [0;32melse[0m[0;34m:[0m[0;34m[0m[0;34m[0m[0m
[1;32m   1170[0m             [0;32mif[0m [0mengine[0m [0;34m==[0m [0;34m"python"[0m[0;34m:[0m[0;34m[0m[0;34m[0m[0m

[0;32m~/opt/anaconda3/lib/python3.7/site-packages/pandas/io/parsers.py[0m in [0;36m__init__[0;34m(self, src, **kwds)[0m
[1;32m   1996[0m         [0mkwds[0m[0;34m[[0m[0;34m"usecols"[0m[0;34m][0m [0;34m=[0m [0mself[0m[0;34m.[0m[0musecols[0m[0;34m[0m[0;34m[0m[0m
[1;32m   1997[0m [0;34m[0m[0m
[0;32m-> 1998[0;31m         [0mself[0m[0;34m.[0m[0m_reader[0m [0;34m=[0m [0mparsers[0m[0;34m.[0m[0mTextReader[0m[0;34m([0m[0msrc[0m[0;34m,[0m [0;34m**[0m[0mkwds[0m[0;34m)[0m[0;34m[0m[0;34m[0m[0m
[0m[1;32m   1999[0m         [0mself[0m[0;34m.[0m[0munnamed_cols[0m [0;34m=[0m [0mself[0m[0;34m.[0m[0m_reader[0m[0;34m.[0m[0munnamed_cols[0m[0;34m[0m[0;34m[0m[0m
[1;32m   2000[0m [0;34m[0m[0m

[0;32mpandas/_libs/parsers.pyx[0m in [0;36mpandas._libs.parsers.TextReader.__cinit__[0;34m()[0m

[0;32mpandas/_libs/parsers.pyx[0m in [0;36mpandas._libs.parsers.TextReader._setup_parser_source[0;34m()[0m

[0;31mFileNotFoundError[0m: [Errno 2] No such file or directory: '../data/movie_reviews.csv'
FileNotFoundError: [Errno 2] No such file or directory: '../data/movie_reviews.csv'

