Traceback (most recent call last):
  File "/Users/alvinchen/opt/anaconda3/lib/python3.7/site-packages/jupyter_cache/executors/utils.py", line 56, in single_nb_execution
    record_timing=False,
  File "/Users/alvinchen/opt/anaconda3/lib/python3.7/site-packages/nbclient/client.py", line 1082, in execute
    return NotebookClient(nb=nb, resources=resources, km=km, **kwargs).execute()
  File "/Users/alvinchen/opt/anaconda3/lib/python3.7/site-packages/nbclient/util.py", line 74, in wrapped
    return just_run(coro(*args, **kwargs))
  File "/Users/alvinchen/opt/anaconda3/lib/python3.7/site-packages/nbclient/util.py", line 53, in just_run
    return loop.run_until_complete(coro)
  File "/Users/alvinchen/opt/anaconda3/lib/python3.7/asyncio/base_events.py", line 583, in run_until_complete
    return future.result()
  File "/Users/alvinchen/opt/anaconda3/lib/python3.7/site-packages/nbclient/client.py", line 536, in async_execute
    cell, index, execution_count=self.code_cells_executed + 1
  File "/Users/alvinchen/opt/anaconda3/lib/python3.7/site-packages/nbclient/client.py", line 827, in async_execute_cell
    self._check_raise_for_error(cell, exec_reply)
  File "/Users/alvinchen/opt/anaconda3/lib/python3.7/site-packages/nbclient/client.py", line 735, in _check_raise_for_error
    raise CellExecutionError.from_cell_and_msg(cell, exec_reply['content'])
nbclient.exceptions.CellExecutionError: An error occurred while executing the following cell:
------------------
import matplotlib.pyplot as plt
# # from seaborn import color_palette
# palette = plt.get_cmap("Set3")
# palette(11)[1]
plt.rcParams['font.sans-serif']=["PingFang HK"]
plt.rcParams['axes.unicode_minus']= False
import seaborn as sns

palette = sns.color_palette('tab10')
------------------

[0;31m---------------------------------------------------------------------------[0m
[0;31mModuleNotFoundError[0m                       Traceback (most recent call last)
[0;32m<ipython-input-44-7f99be5a266a>[0m in [0;36m<module>[0;34m[0m
[1;32m      5[0m [0mplt[0m[0;34m.[0m[0mrcParams[0m[0;34m[[0m[0;34m'font.sans-serif'[0m[0;34m][0m[0;34m=[0m[0;34m[[0m[0;34m"PingFang HK"[0m[0;34m][0m[0;34m[0m[0m
[1;32m      6[0m [0mplt[0m[0;34m.[0m[0mrcParams[0m[0;34m[[0m[0;34m'axes.unicode_minus'[0m[0;34m][0m[0;34m=[0m [0;32mFalse[0m[0;34m[0m[0m
[0;32m----> 7[0;31m [0;32mimport[0m [0mseaborn[0m [0;32mas[0m [0msns[0m[0;34m[0m[0m
[0m[1;32m      8[0m [0;34m[0m[0m
[1;32m      9[0m [0mpalette[0m [0;34m=[0m [0msns[0m[0;34m.[0m[0mcolor_palette[0m[0;34m([0m[0;34m'tab10'[0m[0;34m)[0m[0;34m[0m[0m

[0;31mModuleNotFoundError[0m: No module named 'seaborn'
ModuleNotFoundError: No module named 'seaborn'

